<?xml version="1.0" encoding="UTF-8"?>
<testsuite xmlns:xsi="http://www.w3.org/2001/XMLSchema-instance" xsi:schemaLocation="https://maven.apache.org/surefire/maven-surefire-plugin/xsd/surefire-test-report.xsd" name="edu.baylor.ecs.si.Tester" time="1.172" tests="3" errors="0" skipped="0" failures="0">
  <properties>
[...]
</properties>
  <testcase name="failOverTestEdge" classname="edu.baylor.ecs.si.Tester" time="0.103"/>
  <testcase name="failOverTest" classname="edu.baylor.ecs.si.Tester" time="0.006"/>
  <testcase name="passingTest" classname="edu.baylor.ecs.si.Tester" time="1.011"/>
</testsuite>